\BOOKMARK [1][-]{section.1}{Background}{}% 1
\BOOKMARK [1][-]{section.2}{Model Structure}{}% 2
\BOOKMARK [2][-]{subsection.2.1}{Basic Model}{section.2}% 3
\BOOKMARK [2][-]{subsection.2.2}{Full Model}{section.2}% 4
\BOOKMARK [1][-]{section.3}{Model fit}{}% 5
\BOOKMARK [2][-]{subsection.3.1}{Prior Predictive Checks}{section.3}% 6
\BOOKMARK [2][-]{subsection.3.2}{Retrodictive Checks}{section.3}% 7
\BOOKMARK [2][-]{subsection.3.3}{Estimated Parameter Values}{section.3}% 8
\BOOKMARK [2][-]{subsection.3.4}{Predictions}{section.3}% 9
\BOOKMARK [2][-]{subsection.3.5}{1 day mean temperatures}{section.3}% 10
\BOOKMARK [2][-]{subsection.3.6}{multimodality in the posteriors }{section.3}% 11
\BOOKMARK [1][-]{section.4}{Discussion}{}% 12
\BOOKMARK [1][-]{section.5}{Brainstorming notes from September 2020}{}% 13
\BOOKMARK [2][-]{subsection.5.1}{Who cares?}{section.5}% 14
\BOOKMARK [2][-]{subsection.5.2}{paper of two halves}{section.5}% 15
\BOOKMARK [2][-]{subsection.5.3}{Random thoughts}{section.5}% 16
\BOOKMARK [2][-]{subsection.5.4}{Vague plan for intro}{section.5}% 17
\BOOKMARK [2][-]{subsection.5.5}{Plan if I get extra region's data}{section.5}% 18
\BOOKMARK [2][-]{subsection.5.6}{Plan if I don't get extra region's data}{section.5}% 19
\BOOKMARK [2][-]{subsection.5.7}{Discussion point ideas}{section.5}% 20
\BOOKMARK [1][-]{section*.2}{References}{}% 21
