\BOOKMARK [1][-]{section.1}{General overview}{}% 1
\BOOKMARK [1][-]{section.2}{Personnel and Contact Information}{}% 2
\BOOKMARK [2][-]{subsection.2.1}{Field Crew}{section.2}% 3
\BOOKMARK [2][-]{subsection.2.2}{Contact Details}{section.2}% 4
\BOOKMARK [2][-]{subsection.2.3}{Nearest Hospitals}{section.2}% 5
\BOOKMARK [2][-]{subsection.2.4}{General Safety Items}{section.2}% 6
\BOOKMARK [3][-]{subsubsection.2.4.1}{Overview}{subsection.2.4}% 7
\BOOKMARK [3][-]{subsubsection.2.4.2}{Equipment and training}{subsection.2.4}% 8
\BOOKMARK [3][-]{subsubsection.2.4.3}{Rattlesnake Safety}{subsection.2.4}% 9
\BOOKMARK [3][-]{subsubsection.2.4.4}{Wildfires}{subsection.2.4}% 10
\BOOKMARK [1][-]{section.3}{Identifying and Addressing Specific Health and Safety Concerns}{}% 11
\BOOKMARK [2][-]{subsection.3.1}{COVID-19}{section.3}% 12
\BOOKMARK [3][-]{subsubsection.3.1.1}{Overview}{subsection.3.1}% 13
\BOOKMARK [3][-]{subsubsection.3.1.2}{Location}{subsection.3.1}% 14
\BOOKMARK [3][-]{subsubsection.3.1.3}{Travel}{subsection.3.1}% 15
\BOOKMARK [3][-]{subsubsection.3.1.4}{Tracking health before, during and after field work}{subsection.3.1}% 16
\BOOKMARK [3][-]{subsubsection.3.1.5}{Exhibiting COVID-19 symptoms}{subsection.3.1}% 17
\BOOKMARK [3][-]{subsubsection.3.1.6}{Interactions with collaborators}{subsection.3.1}% 18
\BOOKMARK [3][-]{subsubsection.3.1.7}{Interactions with field workers in vineyards}{subsection.3.1}% 19
\BOOKMARK [3][-]{subsubsection.3.1.8}{Interactions with local communities}{subsection.3.1}% 20
